1674998110322:help
1674998112046:c
1674998280903:help
1674998282181:c
1674998300453:g
1674998488088:help
1674998584452:g
1674998935634:help
1674998938456:cUR
1674999126436:help
1674999129754:gUR
1674999173735:cUR
1674999207034:gUR
1674999590379:g
1674999612651:c
1674999661202:gUR
1675000668789:gUr
1675000671866:gUR
1675004620507:u
1675005156677:cUR
1675005199496:c
1675005210397:cUR
1675005214972:gUR
1675005234754:u
1675011014576:help
1675011016347:c
1675011026910:u
1675011036785:gUR
1675011056091:cUR
1675011094703:gUR
1675090400081:help
1675090401168:c
1675090406905:cUR
1675091706056:u
1675091782118:cUR
1675091910407:gUR
1675092846077:gURR
1675096663147:gUR
1675097192512:help
1675097614125:GURBUI
1675097656238:help
1675097663086:GURBUI 1
1675097669647:GURBUI 2
1675097682447:GURBUI 3
